2020-12-12 12:04:00,134 INFO o.a.j.u.JMeterUtils: Setting Locale to en_US
2020-12-12 12:04:00,197 INFO o.a.j.JMeter: Loading user properties from: user.properties
2020-12-12 12:04:00,198 INFO o.a.j.JMeter: Loading system properties from: system.properties
2020-12-12 12:04:00,200 INFO o.a.j.JMeter: Copyright (c) 1998-2020 The Apache Software Foundation
2020-12-12 12:04:00,200 INFO o.a.j.JMeter: Version 5.3
2020-12-12 12:04:00,200 INFO o.a.j.JMeter: java.version=14.0.1
2020-12-12 12:04:00,200 INFO o.a.j.JMeter: java.vm.name=Java HotSpot(TM) 64-Bit Server VM
2020-12-12 12:04:00,201 INFO o.a.j.JMeter: os.name=Windows 10
2020-12-12 12:04:00,201 INFO o.a.j.JMeter: os.arch=amd64
2020-12-12 12:04:00,201 INFO o.a.j.JMeter: os.version=10.0
2020-12-12 12:04:00,201 INFO o.a.j.JMeter: file.encoding=Cp1252
2020-12-12 12:04:00,201 INFO o.a.j.JMeter: java.awt.headless=null
2020-12-12 12:04:00,201 INFO o.a.j.JMeter: Max memory     =2118123520
2020-12-12 12:04:00,202 INFO o.a.j.JMeter: Available Processors =4
2020-12-12 12:04:00,213 INFO o.a.j.JMeter: Default Locale=English (United States)
2020-12-12 12:04:00,213 INFO o.a.j.JMeter: JMeter  Locale=English (United States)
2020-12-12 12:04:00,213 INFO o.a.j.JMeter: JMeterHome=C:\Users\RONNY\OneDrive\Documents\GitHub\PerformanceTesting\apache-jmeter-5.3
2020-12-12 12:04:00,214 INFO o.a.j.JMeter: user.dir  =C:\Users\RONNY\OneDrive\Documents\GitHub\PerformanceTesting\apache-jmeter-5.3\bin
2020-12-12 12:04:00,215 INFO o.a.j.JMeter: PWD       =C:\Users\RONNY\OneDrive\Documents\GitHub\PerformanceTesting\apache-jmeter-5.3\bin
2020-12-12 12:04:00,271 INFO o.a.j.JMeter: IP: 192.168.0.36 Name: Ronny FullName: 192.168.0.36
2020-12-12 12:04:00,461 INFO o.a.j.JMeter: Setting LAF to: com.github.weisj.darklaf.DarkLaf:com.github.weisj.darklaf.theme.DarculaTheme
2020-12-12 12:04:01,248 INFO o.a.j.JMeter: Loaded icon properties from org/apache/jmeter/images/icon.properties
2020-12-12 12:04:23,987 INFO o.a.j.s.FileServer: Default base='C:\Users\RONNY\OneDrive\Documents\GitHub\PerformanceTesting\apache-jmeter-5.3\bin'
2020-12-12 12:04:23,994 INFO o.a.j.g.a.Load: Loading file: C:\Users\RONNY\OneDrive\Documents\GitHub\PerformanceTesting\PerfTest.jmx
2020-12-12 12:04:23,994 INFO o.a.j.s.FileServer: Set new base='C:\Users\RONNY\OneDrive\Documents\GitHub\PerformanceTesting'
2020-12-12 12:04:24,241 INFO o.a.j.s.SaveService: Testplan (JMX) version: 2.2. Testlog (JTL) version: 2.2
2020-12-12 12:04:24,282 INFO o.a.j.s.SaveService: Using SaveService properties version 5.0
2020-12-12 12:04:24,285 INFO o.a.j.s.SaveService: Using SaveService properties file encoding UTF-8
2020-12-12 12:04:24,288 INFO o.a.j.s.SaveService: Loading file: C:\Users\RONNY\OneDrive\Documents\GitHub\PerformanceTesting\PerfTest.jmx
2020-12-12 12:04:24,327 INFO o.a.j.p.h.s.HTTPSamplerBase: Parser for text/html is org.apache.jmeter.protocol.http.parser.LagartoBasedHtmlParser
2020-12-12 12:04:24,328 INFO o.a.j.p.h.s.HTTPSamplerBase: Parser for application/xhtml+xml is org.apache.jmeter.protocol.http.parser.LagartoBasedHtmlParser
2020-12-12 12:04:24,328 INFO o.a.j.p.h.s.HTTPSamplerBase: Parser for application/xml is org.apache.jmeter.protocol.http.parser.LagartoBasedHtmlParser
2020-12-12 12:04:24,328 INFO o.a.j.p.h.s.HTTPSamplerBase: Parser for text/xml is org.apache.jmeter.protocol.http.parser.LagartoBasedHtmlParser
2020-12-12 12:04:24,328 INFO o.a.j.p.h.s.HTTPSamplerBase: Parser for text/vnd.wap.wml is org.apache.jmeter.protocol.http.parser.RegexpHTMLParser
2020-12-12 12:04:24,329 INFO o.a.j.p.h.s.HTTPSamplerBase: Parser for text/css is org.apache.jmeter.protocol.http.parser.CssParser
2020-12-12 12:04:24,735 INFO o.a.j.s.SampleResult: Note: Sample TimeStamps are START times
2020-12-12 12:04:24,736 INFO o.a.j.s.SampleResult: sampleresult.default.encoding is set to ISO-8859-1
2020-12-12 12:04:24,736 INFO o.a.j.s.SampleResult: sampleresult.useNanoTime=true
2020-12-12 12:04:24,736 INFO o.a.j.s.SampleResult: sampleresult.nanoThreadSleep=5000
2020-12-12 12:04:24,944 INFO o.a.j.v.ViewResultsFullVisualizer: Add JavaFX to your Java installation if you want to use renderer: org.apache.jmeter.visualizers.RenderInBrowser
2020-12-12 12:04:25,114 INFO o.a.j.s.FileServer: Set new base='C:\Users\RONNY\OneDrive\Documents\GitHub\PerformanceTesting'
2020-12-12 12:04:30,109 INFO o.a.j.e.StandardJMeterEngine: Running the test!
2020-12-12 12:04:30,111 INFO o.a.j.s.SampleEvent: List of sample_variables: []
2020-12-12 12:04:30,112 INFO o.a.j.s.SampleEvent: List of sample_variables: []
2020-12-12 12:04:30,114 INFO o.a.j.e.u.CompoundVariable: Note: Function class names must contain the string: '.functions.'
2020-12-12 12:04:30,114 INFO o.a.j.e.u.CompoundVariable: Note: Function class names must not contain the string: '.gui.'
2020-12-12 12:04:30,596 WARN o.a.j.r.ResultCollector: Error creating directories for C:\Users\mdrez\OneDrive\Desktop\PT
2020-12-12 12:04:30,597 INFO o.a.j.g.u.JMeterMenuBar: setRunning(true, *local*)
2020-12-12 12:04:30,691 INFO o.a.j.e.StandardJMeterEngine: Starting ThreadGroup: 1 : Thread Group
2020-12-12 12:04:30,691 INFO o.a.j.e.StandardJMeterEngine: Starting 2 threads for group Thread Group.
2020-12-12 12:04:30,692 INFO o.a.j.e.StandardJMeterEngine: Thread will continue on error
2020-12-12 12:04:30,692 INFO o.a.j.t.ThreadGroup: Starting thread group... number=1 threads=2 ramp-up=1 delayedStart=false
2020-12-12 12:04:30,698 INFO o.a.j.t.ThreadGroup: Started thread group number 1
2020-12-12 12:04:30,698 INFO o.a.j.e.StandardJMeterEngine: All thread groups have been started
2020-12-12 12:04:30,706 INFO o.a.j.t.JMeterThread: Thread started: Thread Group 1-1
2020-12-12 12:04:30,815 INFO o.a.j.s.FileServer: Stored: C:/Users/mdrez/OneDrive/Desktop/PT/userid.txt
2020-12-12 12:04:30,815 ERROR o.a.j.t.JMeterThread: Test failed!
java.lang.IllegalArgumentException: File userid.txt must exist and be readable
	at org.apache.jmeter.services.FileServer.createBufferedReader(FileServer.java:424) ~[ApacheJMeter_core.jar:5.3]
	at org.apache.jmeter.services.FileServer.readLine(FileServer.java:340) ~[ApacheJMeter_core.jar:5.3]
	at org.apache.jmeter.config.CSVDataSet.iterationStart(CSVDataSet.java:212) ~[ApacheJMeter_components.jar:5.3]
	at org.apache.jmeter.control.GenericController.fireIterationStart(GenericController.java:398) ~[ApacheJMeter_core.jar:5.3]
	at org.apache.jmeter.control.GenericController.fireIterEvents(GenericController.java:390) ~[ApacheJMeter_core.jar:5.3]
	at org.apache.jmeter.control.GenericController.next(GenericController.java:159) ~[ApacheJMeter_core.jar:5.3]
	at org.apache.jmeter.control.LoopController.next(LoopController.java:134) ~[ApacheJMeter_core.jar:5.3]
	at org.apache.jmeter.threads.AbstractThreadGroup.next(AbstractThreadGroup.java:91) ~[ApacheJMeter_core.jar:5.3]
	at org.apache.jmeter.threads.JMeterThread.run(JMeterThread.java:254) [ApacheJMeter_core.jar:5.3]
	at java.lang.Thread.run(Thread.java:832) [?:?]
2020-12-12 12:04:30,832 INFO o.a.j.t.JMeterThread: Thread finished: Thread Group 1-1
2020-12-12 12:04:31,204 INFO o.a.j.t.JMeterThread: Thread started: Thread Group 1-2
2020-12-12 12:04:31,205 ERROR o.a.j.t.JMeterThread: Test failed!
java.lang.IllegalArgumentException: File userid.txt must exist and be readable
	at org.apache.jmeter.services.FileServer.createBufferedReader(FileServer.java:424) ~[ApacheJMeter_core.jar:5.3]
	at org.apache.jmeter.services.FileServer.readLine(FileServer.java:340) ~[ApacheJMeter_core.jar:5.3]
	at org.apache.jmeter.config.CSVDataSet.iterationStart(CSVDataSet.java:212) ~[ApacheJMeter_components.jar:5.3]
	at org.apache.jmeter.control.GenericController.fireIterationStart(GenericController.java:398) ~[ApacheJMeter_core.jar:5.3]
	at org.apache.jmeter.control.GenericController.fireIterEvents(GenericController.java:390) ~[ApacheJMeter_core.jar:5.3]
	at org.apache.jmeter.control.GenericController.next(GenericController.java:159) ~[ApacheJMeter_core.jar:5.3]
	at org.apache.jmeter.control.LoopController.next(LoopController.java:134) ~[ApacheJMeter_core.jar:5.3]
	at org.apache.jmeter.threads.AbstractThreadGroup.next(AbstractThreadGroup.java:91) ~[ApacheJMeter_core.jar:5.3]
	at org.apache.jmeter.threads.JMeterThread.run(JMeterThread.java:254) [ApacheJMeter_core.jar:5.3]
	at java.lang.Thread.run(Thread.java:832) [?:?]
2020-12-12 12:04:31,208 INFO o.a.j.t.JMeterThread: Thread finished: Thread Group 1-2
2020-12-12 12:04:31,211 INFO o.a.j.e.StandardJMeterEngine: Notifying test listeners of end of test
2020-12-12 12:04:31,213 INFO o.a.j.g.u.JMeterMenuBar: setRunning(false, *local*)
2020-12-12 12:04:33,741 INFO o.a.j.e.StandardJMeterEngine: Running the test!
2020-12-12 12:04:33,742 INFO o.a.j.s.SampleEvent: List of sample_variables: []
2020-12-12 12:04:33,747 WARN o.a.j.r.ResultCollector: Error creating directories for C:\Users\mdrez\OneDrive\Desktop\PT
2020-12-12 12:04:33,755 INFO o.a.j.g.u.JMeterMenuBar: setRunning(true, *local*)
2020-12-12 12:04:33,909 INFO o.a.j.e.StandardJMeterEngine: Starting ThreadGroup: 1 : Thread Group
2020-12-12 12:04:33,909 INFO o.a.j.e.StandardJMeterEngine: Starting 2 threads for group Thread Group.
2020-12-12 12:04:33,909 INFO o.a.j.e.StandardJMeterEngine: Thread will continue on error
2020-12-12 12:04:33,910 INFO o.a.j.t.ThreadGroup: Starting thread group... number=1 threads=2 ramp-up=1 delayedStart=false
2020-12-12 12:04:33,913 INFO o.a.j.t.ThreadGroup: Started thread group number 1
2020-12-12 12:04:33,913 INFO o.a.j.e.StandardJMeterEngine: All thread groups have been started
2020-12-12 12:04:33,929 INFO o.a.j.t.JMeterThread: Thread started: Thread Group 1-1
2020-12-12 12:04:33,932 INFO o.a.j.s.FileServer: Stored: C:/Users/mdrez/OneDrive/Desktop/PT/userid.txt
2020-12-12 12:04:33,934 ERROR o.a.j.t.JMeterThread: Test failed!
java.lang.IllegalArgumentException: File userid.txt must exist and be readable
	at org.apache.jmeter.services.FileServer.createBufferedReader(FileServer.java:424) ~[ApacheJMeter_core.jar:5.3]
	at org.apache.jmeter.services.FileServer.readLine(FileServer.java:340) ~[ApacheJMeter_core.jar:5.3]
	at org.apache.jmeter.config.CSVDataSet.iterationStart(CSVDataSet.java:212) ~[ApacheJMeter_components.jar:5.3]
	at org.apache.jmeter.control.GenericController.fireIterationStart(GenericController.java:398) ~[ApacheJMeter_core.jar:5.3]
	at org.apache.jmeter.control.GenericController.fireIterEvents(GenericController.java:390) ~[ApacheJMeter_core.jar:5.3]
	at org.apache.jmeter.control.GenericController.next(GenericController.java:159) ~[ApacheJMeter_core.jar:5.3]
	at org.apache.jmeter.control.LoopController.next(LoopController.java:134) ~[ApacheJMeter_core.jar:5.3]
	at org.apache.jmeter.threads.AbstractThreadGroup.next(AbstractThreadGroup.java:91) ~[ApacheJMeter_core.jar:5.3]
	at org.apache.jmeter.threads.JMeterThread.run(JMeterThread.java:254) [ApacheJMeter_core.jar:5.3]
	at java.lang.Thread.run(Thread.java:832) [?:?]
2020-12-12 12:04:33,936 INFO o.a.j.t.JMeterThread: Thread finished: Thread Group 1-1
2020-12-12 12:04:34,440 INFO o.a.j.t.JMeterThread: Thread started: Thread Group 1-2
2020-12-12 12:04:34,445 ERROR o.a.j.t.JMeterThread: Test failed!
java.lang.IllegalArgumentException: File userid.txt must exist and be readable
	at org.apache.jmeter.services.FileServer.createBufferedReader(FileServer.java:424) ~[ApacheJMeter_core.jar:5.3]
	at org.apache.jmeter.services.FileServer.readLine(FileServer.java:340) ~[ApacheJMeter_core.jar:5.3]
	at org.apache.jmeter.config.CSVDataSet.iterationStart(CSVDataSet.java:212) ~[ApacheJMeter_components.jar:5.3]
	at org.apache.jmeter.control.GenericController.fireIterationStart(GenericController.java:398) ~[ApacheJMeter_core.jar:5.3]
	at org.apache.jmeter.control.GenericController.fireIterEvents(GenericController.java:390) ~[ApacheJMeter_core.jar:5.3]
	at org.apache.jmeter.control.GenericController.next(GenericController.java:159) ~[ApacheJMeter_core.jar:5.3]
	at org.apache.jmeter.control.LoopController.next(LoopController.java:134) ~[ApacheJMeter_core.jar:5.3]
	at org.apache.jmeter.threads.AbstractThreadGroup.next(AbstractThreadGroup.java:91) ~[ApacheJMeter_core.jar:5.3]
	at org.apache.jmeter.threads.JMeterThread.run(JMeterThread.java:254) [ApacheJMeter_core.jar:5.3]
	at java.lang.Thread.run(Thread.java:832) [?:?]
2020-12-12 12:04:34,447 INFO o.a.j.t.JMeterThread: Thread finished: Thread Group 1-2
2020-12-12 12:04:34,449 INFO o.a.j.e.StandardJMeterEngine: Notifying test listeners of end of test
2020-12-12 12:04:34,449 INFO o.a.j.g.u.JMeterMenuBar: setRunning(false, *local*)
2020-12-12 12:06:53,213 INFO o.a.j.e.StandardJMeterEngine: Running the test!
2020-12-12 12:06:53,215 INFO o.a.j.s.SampleEvent: List of sample_variables: []
2020-12-12 12:06:53,223 WARN o.a.j.r.ResultCollector: Error creating directories for C:\Users\mdrez\OneDrive\Desktop\PT
2020-12-12 12:06:53,224 INFO o.a.j.g.u.JMeterMenuBar: setRunning(true, *local*)
2020-12-12 12:06:53,277 INFO o.a.j.e.StandardJMeterEngine: Starting ThreadGroup: 1 : Thread Group
2020-12-12 12:06:53,277 INFO o.a.j.e.StandardJMeterEngine: Starting 2 threads for group Thread Group.
2020-12-12 12:06:53,277 INFO o.a.j.e.StandardJMeterEngine: Thread will continue on error
2020-12-12 12:06:53,277 INFO o.a.j.t.ThreadGroup: Starting thread group... number=1 threads=2 ramp-up=1 delayedStart=false
2020-12-12 12:06:53,279 INFO o.a.j.t.ThreadGroup: Started thread group number 1
2020-12-12 12:06:53,280 INFO o.a.j.e.StandardJMeterEngine: All thread groups have been started
2020-12-12 12:06:53,281 INFO o.a.j.t.JMeterThread: Thread started: Thread Group 1-1
2020-12-12 12:06:53,282 INFO o.a.j.s.FileServer: Stored: C:/Users/mdrez/OneDrive/Desktop/PT/userid.txt
2020-12-12 12:06:53,282 ERROR o.a.j.t.JMeterThread: Test failed!
java.lang.IllegalArgumentException: File userid.txt must exist and be readable
	at org.apache.jmeter.services.FileServer.createBufferedReader(FileServer.java:424) ~[ApacheJMeter_core.jar:5.3]
	at org.apache.jmeter.services.FileServer.readLine(FileServer.java:340) ~[ApacheJMeter_core.jar:5.3]
	at org.apache.jmeter.config.CSVDataSet.iterationStart(CSVDataSet.java:212) ~[ApacheJMeter_components.jar:5.3]
	at org.apache.jmeter.control.GenericController.fireIterationStart(GenericController.java:398) ~[ApacheJMeter_core.jar:5.3]
	at org.apache.jmeter.control.GenericController.fireIterEvents(GenericController.java:390) ~[ApacheJMeter_core.jar:5.3]
	at org.apache.jmeter.control.GenericController.next(GenericController.java:159) ~[ApacheJMeter_core.jar:5.3]
	at org.apache.jmeter.control.LoopController.next(LoopController.java:134) ~[ApacheJMeter_core.jar:5.3]
	at org.apache.jmeter.threads.AbstractThreadGroup.next(AbstractThreadGroup.java:91) ~[ApacheJMeter_core.jar:5.3]
	at org.apache.jmeter.threads.JMeterThread.run(JMeterThread.java:254) [ApacheJMeter_core.jar:5.3]
	at java.lang.Thread.run(Thread.java:832) [?:?]
2020-12-12 12:06:53,283 INFO o.a.j.t.JMeterThread: Thread finished: Thread Group 1-1
2020-12-12 12:06:53,784 INFO o.a.j.t.JMeterThread: Thread started: Thread Group 1-2
2020-12-12 12:06:53,791 ERROR o.a.j.t.JMeterThread: Test failed!
java.lang.IllegalArgumentException: File userid.txt must exist and be readable
	at org.apache.jmeter.services.FileServer.createBufferedReader(FileServer.java:424) ~[ApacheJMeter_core.jar:5.3]
	at org.apache.jmeter.services.FileServer.readLine(FileServer.java:340) ~[ApacheJMeter_core.jar:5.3]
	at org.apache.jmeter.config.CSVDataSet.iterationStart(CSVDataSet.java:212) ~[ApacheJMeter_components.jar:5.3]
	at org.apache.jmeter.control.GenericController.fireIterationStart(GenericController.java:398) ~[ApacheJMeter_core.jar:5.3]
	at org.apache.jmeter.control.GenericController.fireIterEvents(GenericController.java:390) ~[ApacheJMeter_core.jar:5.3]
	at org.apache.jmeter.control.GenericController.next(GenericController.java:159) ~[ApacheJMeter_core.jar:5.3]
	at org.apache.jmeter.control.LoopController.next(LoopController.java:134) ~[ApacheJMeter_core.jar:5.3]
	at org.apache.jmeter.threads.AbstractThreadGroup.next(AbstractThreadGroup.java:91) ~[ApacheJMeter_core.jar:5.3]
	at org.apache.jmeter.threads.JMeterThread.run(JMeterThread.java:254) [ApacheJMeter_core.jar:5.3]
	at java.lang.Thread.run(Thread.java:832) [?:?]
2020-12-12 12:06:53,795 INFO o.a.j.t.JMeterThread: Thread finished: Thread Group 1-2
2020-12-12 12:06:53,795 INFO o.a.j.e.StandardJMeterEngine: Notifying test listeners of end of test
2020-12-12 12:06:53,796 INFO o.a.j.g.u.JMeterMenuBar: setRunning(false, *local*)
